<?xml version="1.0" encoding="UTF-8"?>
<!-- Generated by org.testng.reporters.JUnitXMLReporter -->
<testsuite ignored="1" hostname="GOUTAM2021" failures="0" tests="1" name="Error Validation Test" time="8.399" errors="0" timestamp="2024-06-26T13:07:24 IST">
  <testcase classname="rahulshettyacademy.loginErrorValidationTest" name="submitOrder" time="1.063"/>
  <testcase classname="rahulshettyacademy.loginErrorValidationTest" name="ProductErrorValidation" time="0.0">
    <ignored/>
  </testcase> <!-- ProductErrorValidation -->
</testsuite> <!-- Error Validation Test -->
