<?xml version="1.0" encoding="UTF-8"?>
<testng-results ignored="0" total="1" passed="1" failed="0" skipped="0">
  <reporter-output>
  </reporter-output>
  <suite started-at="2024-06-26T13:07:15 IST" name="Suite" finished-at="2024-06-26T13:07:24 IST" duration-ms="8399">
    <groups>
      <group name="ErroHandling">
        <method signature="loginErrorValidationTest.submitOrder()[pri:0, instance:rahulshettyacademy.loginErrorValidationTest@799f10e1]" name="submitOrder" class="rahulshettyacademy.loginErrorValidationTest"/>
      </group> <!-- ErroHandling -->
    </groups>
    <test started-at="2024-06-26T13:07:15 IST" name="Submit Order Test" finished-at="2024-06-26T13:07:15 IST" duration-ms="43">
    </test> <!-- Submit Order Test -->
    <test started-at="2024-06-26T13:07:15 IST" name="Error Validation Test" finished-at="2024-06-26T13:07:24 IST" duration-ms="8399">
      <class name="rahulshettyacademy.loginErrorValidationTest">
        <test-method is-config="true" signature="launchApplication()[pri:0, instance:rahulshettyacademy.loginErrorValidationTest@799f10e1]" started-at="2024-06-26T13:07:16 IST" name="launchApplication" finished-at="2024-06-26T13:07:23 IST" duration-ms="6977" status="PASS">
          <reporter-output>
          </reporter-output>
        </test-method> <!-- launchApplication -->
        <test-method signature="submitOrder()[pri:0, instance:rahulshettyacademy.loginErrorValidationTest@799f10e1]" started-at="2024-06-26T13:07:23 IST" name="submitOrder" finished-at="2024-06-26T13:07:24 IST" duration-ms="1063" status="PASS">
          <reporter-output>
          </reporter-output>
        </test-method> <!-- submitOrder -->
        <test-method is-config="true" signature="tearDown()[pri:0, instance:rahulshettyacademy.loginErrorValidationTest@799f10e1]" started-at="2024-06-26T13:07:24 IST" name="tearDown" finished-at="2024-06-26T13:07:24 IST" duration-ms="167" status="PASS">
          <reporter-output>
          </reporter-output>
        </test-method> <!-- tearDown -->
      </class> <!-- rahulshettyacademy.loginErrorValidationTest -->
    </test> <!-- Error Validation Test -->
  </suite> <!-- Suite -->
</testng-results>
